# JRE version: Java(TM) SE Runtime Environment (8.0_161-b12) (build 1.8.0_161-b12)
# Java VM: Java HotSpot(TM) 64-Bit Server VM (25.161-b12 mixed mode windows-amd64 compressed oops)
Heap:
 PSYoungGen      total 153600K, used 71474K [0x00000000eab00000, 0x00000000fac80000, 0x0000000100000000)
  eden space 147456K, 48% used [0x00000000eab00000,0x00000000ef0cca90,0x00000000f3b00000)
  from space 6144K, 0% used [0x00000000f3b00000,0x00000000f3b00000,0x00000000f4100000)
  to   space 38912K, 0% used [0x00000000f8680000,0x00000000f8680000,0x00000000fac80000)
 ParOldGen       total 172032K, used 146540K [0x00000000c0000000, 0x00000000ca800000, 0x00000000eab00000)
  object space 172032K, 85% used [0x00000000c0000000,0x00000000c8f1b2e8,0x00000000ca800000)
 Metaspace       used 6839K, capacity 7384K, committed 7680K, reserved 1056768K
  class space    used 648K, capacity 656K, committed 768K, reserved 1048576K
GC Heap History (10 events):
Event: 3.198 GC heap before
{Heap before GC invocations=7 (full 1):
 PSYoungGen      total 153600K, used 6136K [0x00000000eab00000, 0x00000000f4700000, 0x0000000100000000)
  eden space 147456K, 0% used [0x00000000eab00000,0x00000000eab00000,0x00000000f3b00000)
  from space 6144K, 99% used [0x00000000f4100000,0x00000000f46fe340,0x00000000f4700000)
  to   space 6144K, 0% used [0x00000000f3b00000,0x00000000f3b00000,0x00000000f4100000)
 ParOldGen       total 98304K, used 80107K [0x00000000c0000000, 0x00000000c6000000, 0x00000000eab00000)
  object space 98304K, 81% used [0x00000000c0000000,0x00000000c4e3ad58,0x00000000c6000000)
 Metaspace       used 6773K, capacity 7320K, committed 7680K, reserved 1056768K
  class space    used 647K, capacity 656K, committed 768K, reserved 1048576K
Event: 3.546 GC heap after
Heap after GC invocations=7 (full 1):
 PSYoungGen      total 153600K, used 0K [0x00000000eab00000, 0x00000000f4700000, 0x0000000100000000)
  eden space 147456K, 0% used [0x00000000eab00000,0x00000000eab00000,0x00000000f3b00000)
  from space 6144K, 0% used [0x00000000f4100000,0x00000000f4100000,0x00000000f4700000)
  to   space 6144K, 0% used [0x00000000f3b00000,0x00000000f3b00000,0x00000000f4100000)
 ParOldGen       total 172032K, used 82182K [0x00000000c0000000, 0x00000000ca800000, 0x00000000eab00000)
  object space 172032K, 47% used [0x00000000c0000000,0x00000000c50418e8,0x00000000ca800000)
 Metaspace       used 6773K, capacity 7320K, committed 7680K, reserved 1056768K
  class space    used 647K, capacity 656K, committed 768K, reserved 1048576K
}
Event: 4.218 GC heap before
{Heap before GC invocations=8 (full 1):
 PSYoungGen      total 153600K, used 147456K [0x00000000eab00000, 0x00000000f4700000, 0x0000000100000000)
  eden space 147456K, 100% used [0x00000000eab00000,0x00000000f3b00000,0x00000000f3b00000)
  from space 6144K, 0% used [0x00000000f4100000,0x00000000f4100000,0x00000000f4700000)
  to   space 6144K, 0% used [0x00000000f3b00000,0x00000000f3b00000,0x00000000f4100000)
 ParOldGen       total 172032K, used 82182K [0x00000000c0000000, 0x00000000ca800000, 0x00000000eab00000)
  object space 172032K, 47% used [0x00000000c0000000,0x00000000c50418e8,0x00000000ca800000)
 Metaspace       used 6811K, capacity 7384K, committed 7680K, reserved 1056768K
  class space    used 647K, capacity 656K, committed 768K, reserved 1048576K
Event: 4.277 GC heap after
Heap after GC invocations=8 (full 1):
 PSYoungGen      total 153600K, used 6143K [0x00000000eab00000, 0x00000000f4700000, 0x0000000100000000)
  eden space 147456K, 0% used [0x00000000eab00000,0x00000000eab00000,0x00000000f3b00000)
  from space 6144K, 99% used [0x00000000f3b00000,0x00000000f40ffd98,0x00000000f4100000)
  to   space 6144K, 0% used [0x00000000f4100000,0x00000000f4100000,0x00000000f4700000)
 ParOldGen       total 172032K, used 100188K [0x00000000c0000000, 0x00000000ca800000, 0x00000000eab00000)
  object space 172032K, 58% used [0x00000000c0000000,0x00000000c61d7208,0x00000000ca800000)
 Metaspace       used 6811K, capacity 7384K, committed 7680K, reserved 1056768K
  class space    used 647K, capacity 656K, committed 768K, reserved 1048576K
}
Event: 4.813 GC heap before
{Heap before GC invocations=9 (full 1):
 PSYoungGen      total 153600K, used 153599K [0x00000000eab00000, 0x00000000f4700000, 0x0000000100000000)
  eden space 147456K, 100% used [0x00000000eab00000,0x00000000f3b00000,0x00000000f3b00000)
  from space 6144K, 99% used [0x00000000f3b00000,0x00000000f40ffd98,0x00000000f4100000)
  to   space 6144K, 0% used [0x00000000f4100000,0x00000000f4100000,0x00000000f4700000)
 ParOldGen       total 172032K, used 100188K [0x00000000c0000000, 0x00000000ca800000, 0x00000000eab00000)
  object space 172032K, 58% used [0x00000000c0000000,0x00000000c61d7208,0x00000000ca800000)
 Metaspace       used 6826K, capacity 7384K, committed 7680K, reserved 1056768K
  class space    used 648K, capacity 656K, committed 768K, reserved 1048576K
Event: 4.877 GC heap after
Heap after GC invocations=9 (full 1):
 PSYoungGen      total 153600K, used 6138K [0x00000000eab00000, 0x00000000f4700000, 0x0000000100000000)
  eden space 147456K, 0% used [0x00000000eab00000,0x00000000eab00000,0x00000000f3b00000)
  from space 6144K, 99% used [0x00000000f4100000,0x00000000f46fe970,0x00000000f4700000)
  to   space 6144K, 0% used [0x00000000f3b00000,0x00000000f3b00000,0x00000000f4100000)
 ParOldGen       total 172032K, used 122559K [0x00000000c0000000, 0x00000000ca800000, 0x00000000eab00000)
  object space 172032K, 71% used [0x00000000c0000000,0x00000000c77afd60,0x00000000ca800000)
 Metaspace       used 6826K, capacity 7384K, committed 7680K, reserved 1056768K
  class space    used 648K, capacity 656K, committed 768K, reserved 1048576K
}
Event: 5.336 GC heap before
{Heap before GC invocations=10 (full 1):
 PSYoungGen      total 153600K, used 153594K [0x00000000eab00000, 0x00000000f4700000, 0x0000000100000000)
  eden space 147456K, 100% used [0x00000000eab00000,0x00000000f3b00000,0x00000000f3b00000)
  from space 6144K, 99% used [0x00000000f4100000,0x00000000f46fe970,0x00000000f4700000)
  to   space 6144K, 0% used [0x00000000f3b00000,0x00000000f3b00000,0x00000000f4100000)
 ParOldGen       total 172032K, used 122559K [0x00000000c0000000, 0x00000000ca800000, 0x00000000eab00000)
  object space 172032K, 71% used [0x00000000c0000000,0x00000000c77afd60,0x00000000ca800000)
 Metaspace       used 6835K, capacity 7384K, committed 7680K, reserved 1056768K
  class space    used 648K, capacity 656K, committed 768K, reserved 1048576K
Event: 5.380 GC heap after
Heap after GC invocations=10 (full 1):
 PSYoungGen      total 153600K, used 6117K [0x00000000eab00000, 0x00000000fac80000, 0x0000000100000000)
  eden space 147456K, 0% used [0x00000000eab00000,0x00000000eab00000,0x00000000f3b00000)
  from space 6144K, 99% used [0x00000000f3b00000,0x00000000f40f9500,0x00000000f4100000)
  to   space 38912K, 0% used [0x00000000f8680000,0x00000000f8680000,0x00000000fac80000)
 ParOldGen       total 172032K, used 144986K [0x00000000c0000000, 0x00000000ca800000, 0x00000000eab00000)
  object space 172032K, 84% used [0x00000000c0000000,0x00000000c8d968f8,0x00000000ca800000)
 Metaspace       used 6835K, capacity 7384K, committed 7680K, reserved 1056768K
  class space    used 648K, capacity 656K, committed 768K, reserved 1048576K
}
Event: 5.380 GC heap before
{Heap before GC invocations=11 (full 2):
 PSYoungGen      total 153600K, used 6117K [0x00000000eab00000, 0x00000000fac80000, 0x0000000100000000)
  eden space 147456K, 0% used [0x00000000eab00000,0x00000000eab00000,0x00000000f3b00000)
  from space 6144K, 99% used [0x00000000f3b00000,0x00000000f40f9500,0x00000000f4100000)
  to   space 38912K, 0% used [0x00000000f8680000,0x00000000f8680000,0x00000000fac80000)
 ParOldGen       total 172032K, used 144986K [0x00000000c0000000, 0x00000000ca800000, 0x00000000eab00000)
  object space 172032K, 84% used [0x00000000c0000000,0x00000000c8d968f8,0x00000000ca800000)
 Metaspace       used 6835K, capacity 7384K, committed 7680K, reserved 1056768K
  class space    used 648K, capacity 656K, committed 768K, reserved 1048576K
Event: 5.991 GC heap after
Heap after GC invocations=11 (full 2):
 PSYoungGen      total 153600K, used 0K [0x00000000eab00000, 0x00000000fac80000, 0x0000000100000000)
  eden space 147456K, 0% used [0x00000000eab00000,0x00000000eab00000,0x00000000f3b00000)
  from space 6144K, 0% used [0x00000000f3b00000,0x00000000f3b00000,0x00000000f4100000)
  to   space 38912K, 0% used [0x00000000f8680000,0x00000000f8680000,0x00000000fac80000)
 ParOldGen       total 172032K, used 146540K [0x00000000c0000000, 0x00000000ca800000, 0x00000000eab00000)
  object space 172032K, 85% used [0x00000000c0000000,0x00000000c8f1b2e8,0x00000000ca800000)
 Metaspace       used 6835K, capacity 7384K, committed 7680K, reserved 1056768K
  class space    used 648K, capacity 656K, committed 768K, reserved 1048576K
}

