# JRE version: Java(TM) SE Runtime Environment (8.0_161-b12) (build 1.8.0_161-b12)
# Java VM: Java HotSpot(TM) 64-Bit Server VM (25.161-b12 mixed mode windows-amd64 compressed oops)
Heap:
 PSYoungGen      total 79872K, used 50145K [0x00000000eab00000, 0x00000000eff00000, 0x0000000100000000)
  eden space 73728K, 59% used [0x00000000eab00000,0x00000000ed5ff950,0x00000000ef300000)
  from space 6144K, 99% used [0x00000000ef300000,0x00000000ef8f8ea8,0x00000000ef900000)
  to   space 6144K, 0% used [0x00000000ef900000,0x00000000ef900000,0x00000000eff00000)
 ParOldGen       total 98304K, used 72254K [0x00000000c0000000, 0x00000000c6000000, 0x00000000eab00000)
  object space 98304K, 73% used [0x00000000c0000000,0x00000000c468fbf8,0x00000000c6000000)
 Metaspace       used 6776K, capacity 7320K, committed 7680K, reserved 1056768K
  class space    used 648K, capacity 656K, committed 768K, reserved 1048576K
GC Heap History (10 events):
Event: 1.226 GC heap before
{Heap before GC invocations=3 (full 0):
 PSYoungGen      total 79872K, used 79849K [0x00000000eab00000, 0x00000000eff00000, 0x0000000100000000)
  eden space 73728K, 100% used [0x00000000eab00000,0x00000000ef300000,0x00000000ef300000)
  from space 6144K, 99% used [0x00000000ef900000,0x00000000efefa540,0x00000000eff00000)
  to   space 6144K, 0% used [0x00000000ef300000,0x00000000ef300000,0x00000000ef900000)
 ParOldGen       total 98304K, used 10251K [0x00000000c0000000, 0x00000000c6000000, 0x00000000eab00000)
  object space 98304K, 10% used [0x00000000c0000000,0x00000000c0a02d78,0x00000000c6000000)
 Metaspace       used 6587K, capacity 7256K, committed 7424K, reserved 1056768K
  class space    used 647K, capacity 656K, committed 768K, reserved 1048576K
Event: 1.246 GC heap after
Heap after GC invocations=3 (full 0):
 PSYoungGen      total 79872K, used 6143K [0x00000000eab00000, 0x00000000eff00000, 0x0000000100000000)
  eden space 73728K, 0% used [0x00000000eab00000,0x00000000eab00000,0x00000000ef300000)
  from space 6144K, 99% used [0x00000000ef300000,0x00000000ef8ffdd0,0x00000000ef900000)
  to   space 6144K, 0% used [0x00000000ef900000,0x00000000ef900000,0x00000000eff00000)
 ParOldGen       total 98304K, used 24628K [0x00000000c0000000, 0x00000000c6000000, 0x00000000eab00000)
  object space 98304K, 25% used [0x00000000c0000000,0x00000000c180d0c0,0x00000000c6000000)
 Metaspace       used 6587K, capacity 7256K, committed 7424K, reserved 1056768K
  class space    used 647K, capacity 656K, committed 768K, reserved 1048576K
}
Event: 1.495 GC heap before
{Heap before GC invocations=4 (full 0):
 PSYoungGen      total 79872K, used 79871K [0x00000000eab00000, 0x00000000eff00000, 0x0000000100000000)
  eden space 73728K, 100% used [0x00000000eab00000,0x00000000ef300000,0x00000000ef300000)
  from space 6144K, 99% used [0x00000000ef300000,0x00000000ef8ffdd0,0x00000000ef900000)
  to   space 6144K, 0% used [0x00000000ef900000,0x00000000ef900000,0x00000000eff00000)
 ParOldGen       total 98304K, used 24628K [0x00000000c0000000, 0x00000000c6000000, 0x00000000eab00000)
  object space 98304K, 25% used [0x00000000c0000000,0x00000000c180d0c0,0x00000000c6000000)
 Metaspace       used 6680K, capacity 7256K, committed 7424K, reserved 1056768K
  class space    used 647K, capacity 656K, committed 768K, reserved 1048576K
Event: 1.523 GC heap after
Heap after GC invocations=4 (full 0):
 PSYoungGen      total 79872K, used 6115K [0x00000000eab00000, 0x00000000eff00000, 0x0000000100000000)
  eden space 73728K, 0% used [0x00000000eab00000,0x00000000eab00000,0x00000000ef300000)
  from space 6144K, 99% used [0x00000000ef900000,0x00000000efef8f70,0x00000000eff00000)
  to   space 6144K, 0% used [0x00000000ef300000,0x00000000ef300000,0x00000000ef900000)
 ParOldGen       total 98304K, used 36939K [0x00000000c0000000, 0x00000000c6000000, 0x00000000eab00000)
  object space 98304K, 37% used [0x00000000c0000000,0x00000000c2412e40,0x00000000c6000000)
 Metaspace       used 6680K, capacity 7256K, committed 7424K, reserved 1056768K
  class space    used 647K, capacity 656K, committed 768K, reserved 1048576K
}
Event: 1.774 GC heap before
{Heap before GC invocations=5 (full 0):
 PSYoungGen      total 79872K, used 79843K [0x00000000eab00000, 0x00000000eff00000, 0x0000000100000000)
  eden space 73728K, 100% used [0x00000000eab00000,0x00000000ef300000,0x00000000ef300000)
  from space 6144K, 99% used [0x00000000ef900000,0x00000000efef8f70,0x00000000eff00000)
  to   space 6144K, 0% used [0x00000000ef300000,0x00000000ef300000,0x00000000ef900000)
 ParOldGen       total 98304K, used 36939K [0x00000000c0000000, 0x00000000c6000000, 0x00000000eab00000)
  object space 98304K, 37% used [0x00000000c0000000,0x00000000c2412e40,0x00000000c6000000)
 Metaspace       used 6737K, capacity 7320K, committed 7680K, reserved 1056768K
  class space    used 647K, capacity 656K, committed 768K, reserved 1048576K
Event: 1.795 GC heap after
Heap after GC invocations=5 (full 0):
 PSYoungGen      total 79872K, used 6143K [0x00000000eab00000, 0x00000000eff00000, 0x0000000100000000)
  eden space 73728K, 0% used [0x00000000eab00000,0x00000000eab00000,0x00000000ef300000)
  from space 6144K, 99% used [0x00000000ef300000,0x00000000ef8fff80,0x00000000ef900000)
  to   space 6144K, 0% used [0x00000000ef900000,0x00000000ef900000,0x00000000eff00000)
 ParOldGen       total 98304K, used 48712K [0x00000000c0000000, 0x00000000c6000000, 0x00000000eab00000)
  object space 98304K, 49% used [0x00000000c0000000,0x00000000c2f921a8,0x00000000c6000000)
 Metaspace       used 6737K, capacity 7320K, committed 7680K, reserved 1056768K
  class space    used 647K, capacity 656K, committed 768K, reserved 1048576K
}
Event: 2.033 GC heap before
{Heap before GC invocations=6 (full 0):
 PSYoungGen      total 79872K, used 79871K [0x00000000eab00000, 0x00000000eff00000, 0x0000000100000000)
  eden space 73728K, 100% used [0x00000000eab00000,0x00000000ef300000,0x00000000ef300000)
  from space 6144K, 99% used [0x00000000ef300000,0x00000000ef8fff80,0x00000000ef900000)
  to   space 6144K, 0% used [0x00000000ef900000,0x00000000ef900000,0x00000000eff00000)
 ParOldGen       total 98304K, used 48712K [0x00000000c0000000, 0x00000000c6000000, 0x00000000eab00000)
  object space 98304K, 49% used [0x00000000c0000000,0x00000000c2f921a8,0x00000000c6000000)
 Metaspace       used 6750K, capacity 7320K, committed 7680K, reserved 1056768K
  class space    used 647K, capacity 656K, committed 768K, reserved 1048576K
Event: 2.060 GC heap after
Heap after GC invocations=6 (full 0):
 PSYoungGen      total 79872K, used 6140K [0x00000000eab00000, 0x00000000eff00000, 0x0000000100000000)
  eden space 73728K, 0% used [0x00000000eab00000,0x00000000eab00000,0x00000000ef300000)
  from space 6144K, 99% used [0x00000000ef900000,0x00000000efeff320,0x00000000eff00000)
  to   space 6144K, 0% used [0x00000000ef300000,0x00000000ef300000,0x00000000ef900000)
 ParOldGen       total 98304K, used 60676K [0x00000000c0000000, 0x00000000c6000000, 0x00000000eab00000)
  object space 98304K, 61% used [0x00000000c0000000,0x00000000c3b41358,0x00000000c6000000)
 Metaspace       used 6750K, capacity 7320K, committed 7680K, reserved 1056768K
  class space    used 647K, capacity 656K, committed 768K, reserved 1048576K
}
Event: 2.246 GC heap before
{Heap before GC invocations=7 (full 0):
 PSYoungGen      total 79872K, used 79868K [0x00000000eab00000, 0x00000000eff00000, 0x0000000100000000)
  eden space 73728K, 100% used [0x00000000eab00000,0x00000000ef300000,0x00000000ef300000)
  from space 6144K, 99% used [0x00000000ef900000,0x00000000efeff320,0x00000000eff00000)
  to   space 6144K, 0% used [0x00000000ef300000,0x00000000ef300000,0x00000000ef900000)
 ParOldGen       total 98304K, used 60676K [0x00000000c0000000, 0x00000000c6000000, 0x00000000eab00000)
  object space 98304K, 61% used [0x00000000c0000000,0x00000000c3b41358,0x00000000c6000000)
 Metaspace       used 6761K, capacity 7320K, committed 7680K, reserved 1056768K
  class space    used 647K, capacity 656K, committed 768K, reserved 1048576K
Event: 2.282 GC heap after
Heap after GC invocations=7 (full 0):
 PSYoungGen      total 79872K, used 6115K [0x00000000eab00000, 0x00000000eff00000, 0x0000000100000000)
  eden space 73728K, 0% used [0x00000000eab00000,0x00000000eab00000,0x00000000ef300000)
  from space 6144K, 99% used [0x00000000ef300000,0x00000000ef8f8ea8,0x00000000ef900000)
  to   space 6144K, 0% used [0x00000000ef900000,0x00000000ef900000,0x00000000eff00000)
 ParOldGen       total 98304K, used 72254K [0x00000000c0000000, 0x00000000c6000000, 0x00000000eab00000)
  object space 98304K, 73% used [0x00000000c0000000,0x00000000c468fbf8,0x00000000c6000000)
 Metaspace       used 6761K, capacity 7320K, committed 7680K, reserved 1056768K
  class space    used 647K, capacity 656K, committed 768K, reserved 1048576K
}

