# JRE version: Java(TM) SE Runtime Environment (8.0_161-b12) (build 1.8.0_161-b12)
# Java VM: Java HotSpot(TM) 64-Bit Server VM (25.161-b12 mixed mode windows-amd64 compressed oops)
Heap:
 PSYoungGen      total 153600K, used 130043K [0x00000000eab00000, 0x00000000f4700000, 0x0000000100000000)
  eden space 147456K, 84% used [0x00000000eab00000,0x00000000f24025d8,0x00000000f3b00000)
  from space 6144K, 99% used [0x00000000f4100000,0x00000000f46fc640,0x00000000f4700000)
  to   space 6144K, 0% used [0x00000000f3b00000,0x00000000f3b00000,0x00000000f4100000)
 ParOldGen       total 98304K, used 36978K [0x00000000c0000000, 0x00000000c6000000, 0x00000000eab00000)
  object space 98304K, 37% used [0x00000000c0000000,0x00000000c241c900,0x00000000c6000000)
 Metaspace       used 6738K, capacity 7320K, committed 7680K, reserved 1056768K
  class space    used 647K, capacity 656K, committed 768K, reserved 1048576K
GC Heap History (8 events):
Event: 0.674 GC heap before
{Heap before GC invocations=1 (full 0):
 PSYoungGen      total 43008K, used 36864K [0x00000000eab00000, 0x00000000edb00000, 0x0000000100000000)
  eden space 36864K, 100% used [0x00000000eab00000,0x00000000ecf00000,0x00000000ecf00000)
  from space 6144K, 0% used [0x00000000ed500000,0x00000000ed500000,0x00000000edb00000)
  to   space 6144K, 0% used [0x00000000ecf00000,0x00000000ecf00000,0x00000000ed500000)
 ParOldGen       total 98304K, used 0K [0x00000000c0000000, 0x00000000c6000000, 0x00000000eab00000)
  object space 98304K, 0% used [0x00000000c0000000,0x00000000c0000000,0x00000000c6000000)
 Metaspace       used 6379K, capacity 7064K, committed 7424K, reserved 1056768K
  class space    used 647K, capacity 656K, committed 768K, reserved 1048576K
Event: 0.687 GC heap after
Heap after GC invocations=1 (full 0):
 PSYoungGen      total 43008K, used 6119K [0x00000000eab00000, 0x00000000eff00000, 0x0000000100000000)
  eden space 36864K, 0% used [0x00000000eab00000,0x00000000eab00000,0x00000000ecf00000)
  from space 6144K, 99% used [0x00000000ecf00000,0x00000000ed4f9e88,0x00000000ed500000)
  to   space 6144K, 0% used [0x00000000ef900000,0x00000000ef900000,0x00000000eff00000)
 ParOldGen       total 98304K, used 2121K [0x00000000c0000000, 0x00000000c6000000, 0x00000000eab00000)
  object space 98304K, 2% used [0x00000000c0000000,0x00000000c02125a8,0x00000000c6000000)
 Metaspace       used 6379K, capacity 7064K, committed 7424K, reserved 1056768K
  class space    used 647K, capacity 656K, committed 768K, reserved 1048576K
}
Event: 0.866 GC heap before
{Heap before GC invocations=2 (full 0):
 PSYoungGen      total 43008K, used 42983K [0x00000000eab00000, 0x00000000eff00000, 0x0000000100000000)
  eden space 36864K, 100% used [0x00000000eab00000,0x00000000ecf00000,0x00000000ecf00000)
  from space 6144K, 99% used [0x00000000ecf00000,0x00000000ed4f9e88,0x00000000ed500000)
  to   space 6144K, 0% used [0x00000000ef900000,0x00000000ef900000,0x00000000eff00000)
 ParOldGen       total 98304K, used 2121K [0x00000000c0000000, 0x00000000c6000000, 0x00000000eab00000)
  object space 98304K, 2% used [0x00000000c0000000,0x00000000c02125a8,0x00000000c6000000)
 Metaspace       used 6458K, capacity 7128K, committed 7424K, reserved 1056768K
  class space    used 647K, capacity 656K, committed 768K, reserved 1048576K
Event: 0.886 GC heap after
Heap after GC invocations=2 (full 0):
 PSYoungGen      total 79872K, used 6120K [0x00000000eab00000, 0x00000000eff00000, 0x0000000100000000)
  eden space 73728K, 0% used [0x00000000eab00000,0x00000000eab00000,0x00000000ef300000)
  from space 6144K, 99% used [0x00000000ef900000,0x00000000efefa008,0x00000000eff00000)
  to   space 6144K, 0% used [0x00000000ef300000,0x00000000ef300000,0x00000000ef900000)
 ParOldGen       total 98304K, used 10179K [0x00000000c0000000, 0x00000000c6000000, 0x00000000eab00000)
  object space 98304K, 10% used [0x00000000c0000000,0x00000000c09f0cc8,0x00000000c6000000)
 Metaspace       used 6458K, capacity 7128K, committed 7424K, reserved 1056768K
  class space    used 647K, capacity 656K, committed 768K, reserved 1048576K
}
Event: 1.193 GC heap before
{Heap before GC invocations=3 (full 0):
 PSYoungGen      total 79872K, used 79848K [0x00000000eab00000, 0x00000000eff00000, 0x0000000100000000)
  eden space 73728K, 100% used [0x00000000eab00000,0x00000000ef300000,0x00000000ef300000)
  from space 6144K, 99% used [0x00000000ef900000,0x00000000efefa008,0x00000000eff00000)
  to   space 6144K, 0% used [0x00000000ef300000,0x00000000ef300000,0x00000000ef900000)
 ParOldGen       total 98304K, used 10179K [0x00000000c0000000, 0x00000000c6000000, 0x00000000eab00000)
  object space 98304K, 10% used [0x00000000c0000000,0x00000000c09f0cc8,0x00000000c6000000)
 Metaspace       used 6564K, capacity 7192K, committed 7424K, reserved 1056768K
  class space    used 647K, capacity 656K, committed 768K, reserved 1048576K
Event: 1.224 GC heap after
Heap after GC invocations=3 (full 0):
 PSYoungGen      total 79872K, used 6133K [0x00000000eab00000, 0x00000000f4700000, 0x0000000100000000)
  eden space 73728K, 0% used [0x00000000eab00000,0x00000000eab00000,0x00000000ef300000)
  from space 6144K, 99% used [0x00000000ef300000,0x00000000ef8fd788,0x00000000ef900000)
  to   space 6144K, 0% used [0x00000000f4100000,0x00000000f4100000,0x00000000f4700000)
 ParOldGen       total 98304K, used 24720K [0x00000000c0000000, 0x00000000c6000000, 0x00000000eab00000)
  object space 98304K, 25% used [0x00000000c0000000,0x00000000c1824068,0x00000000c6000000)
 Metaspace       used 6564K, capacity 7192K, committed 7424K, reserved 1056768K
  class space    used 647K, capacity 656K, committed 768K, reserved 1048576K
}
Event: 1.489 GC heap before
{Heap before GC invocations=4 (full 0):
 PSYoungGen      total 79872K, used 79861K [0x00000000eab00000, 0x00000000f4700000, 0x0000000100000000)
  eden space 73728K, 100% used [0x00000000eab00000,0x00000000ef300000,0x00000000ef300000)
  from space 6144K, 99% used [0x00000000ef300000,0x00000000ef8fd788,0x00000000ef900000)
  to   space 6144K, 0% used [0x00000000f4100000,0x00000000f4100000,0x00000000f4700000)
 ParOldGen       total 98304K, used 24720K [0x00000000c0000000, 0x00000000c6000000, 0x00000000eab00000)
  object space 98304K, 25% used [0x00000000c0000000,0x00000000c1824068,0x00000000c6000000)
 Metaspace       used 6674K, capacity 7256K, committed 7424K, reserved 1056768K
  class space    used 647K, capacity 656K, committed 768K, reserved 1048576K
Event: 1.517 GC heap after
Heap after GC invocations=4 (full 0):
 PSYoungGen      total 153600K, used 6129K [0x00000000eab00000, 0x00000000f4700000, 0x0000000100000000)
  eden space 147456K, 0% used [0x00000000eab00000,0x00000000eab00000,0x00000000f3b00000)
  from space 6144K, 99% used [0x00000000f4100000,0x00000000f46fc640,0x00000000f4700000)
  to   space 6144K, 0% used [0x00000000f3b00000,0x00000000f3b00000,0x00000000f4100000)
 ParOldGen       total 98304K, used 36978K [0x00000000c0000000, 0x00000000c6000000, 0x00000000eab00000)
  object space 98304K, 37% used [0x00000000c0000000,0x00000000c241c900,0x00000000c6000000)
 Metaspace       used 6674K, capacity 7256K, committed 7424K, reserved 1056768K
  class space    used 647K, capacity 656K, committed 768K, reserved 1048576K
}

