# JRE version: Java(TM) SE Runtime Environment (8.0_161-b12) (build 1.8.0_161-b12)
# Java VM: Java HotSpot(TM) 64-Bit Server VM (25.161-b12 mixed mode windows-amd64 compressed oops)
Heap:
 PSYoungGen      total 153600K, used 106500K [0x00000000eab00000, 0x00000000f4700000, 0x0000000100000000)
  eden space 147456K, 68% used [0x00000000eab00000,0x00000000f0d07ca0,0x00000000f3b00000)
  from space 6144K, 99% used [0x00000000f3b00000,0x00000000f40f9738,0x00000000f4100000)
  to   space 6144K, 0% used [0x00000000f4100000,0x00000000f4100000,0x00000000f4700000)
 ParOldGen       total 98304K, used 58157K [0x00000000c0000000, 0x00000000c6000000, 0x00000000eab00000)
  object space 98304K, 59% used [0x00000000c0000000,0x00000000c38cb648,0x00000000c6000000)
 Metaspace       used 6777K, capacity 7320K, committed 7680K, reserved 1056768K
  class space    used 647K, capacity 656K, committed 768K, reserved 1048576K
GC Heap History (10 events):
Event: 0.667 GC heap before
{Heap before GC invocations=1 (full 0):
 PSYoungGen      total 43008K, used 36864K [0x00000000eab00000, 0x00000000edb00000, 0x0000000100000000)
  eden space 36864K, 100% used [0x00000000eab00000,0x00000000ecf00000,0x00000000ecf00000)
  from space 6144K, 0% used [0x00000000ed500000,0x00000000ed500000,0x00000000edb00000)
  to   space 6144K, 0% used [0x00000000ecf00000,0x00000000ecf00000,0x00000000ed500000)
 ParOldGen       total 98304K, used 0K [0x00000000c0000000, 0x00000000c6000000, 0x00000000eab00000)
  object space 98304K, 0% used [0x00000000c0000000,0x00000000c0000000,0x00000000c6000000)
 Metaspace       used 6400K, capacity 7128K, committed 7424K, reserved 1056768K
  class space    used 646K, capacity 656K, committed 768K, reserved 1048576K
Event: 0.683 GC heap after
Heap after GC invocations=1 (full 0):
 PSYoungGen      total 43008K, used 6138K [0x00000000eab00000, 0x00000000eff00000, 0x0000000100000000)
  eden space 36864K, 0% used [0x00000000eab00000,0x00000000eab00000,0x00000000ecf00000)
  from space 6144K, 99% used [0x00000000ecf00000,0x00000000ed4feb08,0x00000000ed500000)
  to   space 6144K, 0% used [0x00000000ef900000,0x00000000ef900000,0x00000000eff00000)
 ParOldGen       total 98304K, used 1624K [0x00000000c0000000, 0x00000000c6000000, 0x00000000eab00000)
  object space 98304K, 1% used [0x00000000c0000000,0x00000000c01961c0,0x00000000c6000000)
 Metaspace       used 6400K, capacity 7128K, committed 7424K, reserved 1056768K
  class space    used 646K, capacity 656K, committed 768K, reserved 1048576K
}
Event: 0.839 GC heap before
{Heap before GC invocations=2 (full 0):
 PSYoungGen      total 43008K, used 43002K [0x00000000eab00000, 0x00000000eff00000, 0x0000000100000000)
  eden space 36864K, 100% used [0x00000000eab00000,0x00000000ecf00000,0x00000000ecf00000)
  from space 6144K, 99% used [0x00000000ecf00000,0x00000000ed4feb08,0x00000000ed500000)
  to   space 6144K, 0% used [0x00000000ef900000,0x00000000ef900000,0x00000000eff00000)
 ParOldGen       total 98304K, used 1624K [0x00000000c0000000, 0x00000000c6000000, 0x00000000eab00000)
  object space 98304K, 1% used [0x00000000c0000000,0x00000000c01961c0,0x00000000c6000000)
 Metaspace       used 6475K, capacity 7128K, committed 7424K, reserved 1056768K
  class space    used 646K, capacity 656K, committed 768K, reserved 1048576K
Event: 0.859 GC heap after
Heap after GC invocations=2 (full 0):
 PSYoungGen      total 79872K, used 6123K [0x00000000eab00000, 0x00000000eff00000, 0x0000000100000000)
  eden space 73728K, 0% used [0x00000000eab00000,0x00000000eab00000,0x00000000ef300000)
  from space 6144K, 99% used [0x00000000ef900000,0x00000000efefaf90,0x00000000eff00000)
  to   space 6144K, 0% used [0x00000000ef300000,0x00000000ef300000,0x00000000ef900000)
 ParOldGen       total 98304K, used 9656K [0x00000000c0000000, 0x00000000c6000000, 0x00000000eab00000)
  object space 98304K, 9% used [0x00000000c0000000,0x00000000c096e3c0,0x00000000c6000000)
 Metaspace       used 6475K, capacity 7128K, committed 7424K, reserved 1056768K
  class space    used 646K, capacity 656K, committed 768K, reserved 1048576K
}
Event: 1.189 GC heap before
{Heap before GC invocations=3 (full 0):
 PSYoungGen      total 79872K, used 79851K [0x00000000eab00000, 0x00000000eff00000, 0x0000000100000000)
  eden space 73728K, 100% used [0x00000000eab00000,0x00000000ef300000,0x00000000ef300000)
  from space 6144K, 99% used [0x00000000ef900000,0x00000000efefaf90,0x00000000eff00000)
  to   space 6144K, 0% used [0x00000000ef300000,0x00000000ef300000,0x00000000ef900000)
 ParOldGen       total 98304K, used 9656K [0x00000000c0000000, 0x00000000c6000000, 0x00000000eab00000)
  object space 98304K, 9% used [0x00000000c0000000,0x00000000c096e3c0,0x00000000c6000000)
 Metaspace       used 6582K, capacity 7192K, committed 7424K, reserved 1056768K
  class space    used 646K, capacity 656K, committed 768K, reserved 1048576K
Event: 1.214 GC heap after
Heap after GC invocations=3 (full 0):
 PSYoungGen      total 79872K, used 6123K [0x00000000eab00000, 0x00000000f4700000, 0x0000000100000000)
  eden space 73728K, 0% used [0x00000000eab00000,0x00000000eab00000,0x00000000ef300000)
  from space 6144K, 99% used [0x00000000ef300000,0x00000000ef8fada8,0x00000000ef900000)
  to   space 6144K, 0% used [0x00000000f4100000,0x00000000f4100000,0x00000000f4700000)
 ParOldGen       total 98304K, used 23432K [0x00000000c0000000, 0x00000000c6000000, 0x00000000eab00000)
  object space 98304K, 23% used [0x00000000c0000000,0x00000000c16e2068,0x00000000c6000000)
 Metaspace       used 6582K, capacity 7192K, committed 7424K, reserved 1056768K
  class space    used 646K, capacity 656K, committed 768K, reserved 1048576K
}
Event: 1.501 GC heap before
{Heap before GC invocations=4 (full 0):
 PSYoungGen      total 79872K, used 79851K [0x00000000eab00000, 0x00000000f4700000, 0x0000000100000000)
  eden space 73728K, 100% used [0x00000000eab00000,0x00000000ef300000,0x00000000ef300000)
  from space 6144K, 99% used [0x00000000ef300000,0x00000000ef8fada8,0x00000000ef900000)
  to   space 6144K, 0% used [0x00000000f4100000,0x00000000f4100000,0x00000000f4700000)
 ParOldGen       total 98304K, used 23432K [0x00000000c0000000, 0x00000000c6000000, 0x00000000eab00000)
  object space 98304K, 23% used [0x00000000c0000000,0x00000000c16e2068,0x00000000c6000000)
 Metaspace       used 6685K, capacity 7256K, committed 7424K, reserved 1056768K
  class space    used 646K, capacity 656K, committed 768K, reserved 1048576K
Event: 1.523 GC heap after
Heap after GC invocations=4 (full 0):
 PSYoungGen      total 153600K, used 6141K [0x00000000eab00000, 0x00000000f4700000, 0x0000000100000000)
  eden space 147456K, 0% used [0x00000000eab00000,0x00000000eab00000,0x00000000f3b00000)
  from space 6144K, 99% used [0x00000000f4100000,0x00000000f46ff678,0x00000000f4700000)
  to   space 6144K, 0% used [0x00000000f3b00000,0x00000000f3b00000,0x00000000f4100000)
 ParOldGen       total 98304K, used 35832K [0x00000000c0000000, 0x00000000c6000000, 0x00000000eab00000)
  object space 98304K, 36% used [0x00000000c0000000,0x00000000c22fe360,0x00000000c6000000)
 Metaspace       used 6685K, capacity 7256K, committed 7424K, reserved 1056768K
  class space    used 646K, capacity 656K, committed 768K, reserved 1048576K
}
Event: 2.032 GC heap before
{Heap before GC invocations=5 (full 0):
 PSYoungGen      total 153600K, used 153597K [0x00000000eab00000, 0x00000000f4700000, 0x0000000100000000)
  eden space 147456K, 100% used [0x00000000eab00000,0x00000000f3b00000,0x00000000f3b00000)
  from space 6144K, 99% used [0x00000000f4100000,0x00000000f46ff678,0x00000000f4700000)
  to   space 6144K, 0% used [0x00000000f3b00000,0x00000000f3b00000,0x00000000f4100000)
 ParOldGen       total 98304K, used 35832K [0x00000000c0000000, 0x00000000c6000000, 0x00000000eab00000)
  object space 98304K, 36% used [0x00000000c0000000,0x00000000c22fe360,0x00000000c6000000)
 Metaspace       used 6755K, capacity 7320K, committed 7680K, reserved 1056768K
  class space    used 647K, capacity 656K, committed 768K, reserved 1048576K
Event: 2.079 GC heap after
Heap after GC invocations=5 (full 0):
 PSYoungGen      total 153600K, used 6117K [0x00000000eab00000, 0x00000000f4700000, 0x0000000100000000)
  eden space 147456K, 0% used [0x00000000eab00000,0x00000000eab00000,0x00000000f3b00000)
  from space 6144K, 99% used [0x00000000f3b00000,0x00000000f40f9738,0x00000000f4100000)
  to   space 6144K, 0% used [0x00000000f4100000,0x00000000f4100000,0x00000000f4700000)
 ParOldGen       total 98304K, used 58157K [0x00000000c0000000, 0x00000000c6000000, 0x00000000eab00000)
  object space 98304K, 59% used [0x00000000c0000000,0x00000000c38cb648,0x00000000c6000000)
 Metaspace       used 6755K, capacity 7320K, committed 7680K, reserved 1056768K
  class space    used 647K, capacity 656K, committed 768K, reserved 1048576K
}

